[ 2025-03-19 17:19:54,232 ] 20 root - INFO - Initiate the data ingestion
[ 2025-03-19 17:19:56,971 ] 65 root - INFO - Performed train test split on the dataframe
[ 2025-03-19 17:19:56,971 ] 67 root - INFO - Exited split_data_as_train_test method of Data_Ingestion class
[ 2025-03-19 17:19:56,972 ] 75 root - INFO - Exporting train and test file path.
[ 2025-03-19 17:19:56,976 ] 84 root - INFO - Exported train and test file path.
[ 2025-03-19 17:19:56,976 ] 22 root - INFO - Data Initiation Completed
[ 2025-03-19 17:19:56,980 ] 26 root - INFO - Initiate the data Validation
[ 2025-03-19 17:19:57,016 ] 32 root - INFO - Required number of columns:2
[ 2025-03-19 17:19:57,016 ] 33 root - INFO - Data frame has columns:8
[ 2025-03-19 17:19:57,016 ] 32 root - INFO - Required number of columns:2
[ 2025-03-19 17:19:57,016 ] 33 root - INFO - Data frame has columns:8
[ 2025-03-19 17:19:57,036 ] 28 root - INFO - data Validation Completed
[ 2025-03-19 17:19:57,036 ] 31 root - INFO - data Transformation started
[ 2025-03-19 17:19:57,036 ] 67 root - INFO - \U0001f680 Starting Data Transformation...
[ 2025-03-19 17:19:57,037 ] 33 root - INFO - \U0001f4e5 Reading CSV file from: Artifacts\03_19_2025_17_19_48\data_ingestion\ingested\train.csv
[ 2025-03-19 17:19:57,038 ] 33 root - INFO - \U0001f4e5 Reading CSV file from: Artifacts\03_19_2025_17_19_48\data_ingestion\ingested\test.csv
[ 2025-03-19 17:19:57,041 ] 84 root - INFO - \U0001f4dd Train DataFrame Columns: ['gender', 'race_ethnicity', 'parental_level_of_education', 'lunch', 'test_preparation_course', 'math_score', 'reading_score', 'writing_score']
[ 2025-03-19 17:19:57,042 ] 85 root - INFO - \U0001f4dd Test DataFrame Columns: ['gender', 'race_ethnicity', 'parental_level_of_education', 'lunch', 'test_preparation_course', 'math_score', 'reading_score', 'writing_score']
[ 2025-03-19 17:19:57,050 ] 86 root - INFO - \U0001f4dd Train DataFrame Head:
   gender race_ethnicity parental_level_of_education         lunch test_preparation_course  math_score  reading_score  writing_score
0    male        group A                some college      standard               completed          78             72             70
1  female        group D          associate's degree  free/reduced               completed          57             74             76
2  female        group D            some high school  free/reduced               completed          40             65             64
3    male        group A          associate's degree      standard                    none          54             53             47
4    male        group C          associate's degree  free/reduced               completed          65             73             68
[ 2025-03-19 17:19:57,057 ] 87 root - INFO - \U0001f4dd Test DataFrame Head:
   gender race_ethnicity parental_level_of_education         lunch test_preparation_course  math_score  reading_score  writing_score
0  female        group B            some high school  free/reduced               completed          59             63             64
1  female        group C                 high school  free/reduced               completed          67             79             84
2  female        group C           bachelor's degree  free/reduced                    none          43             62             61
3    male        group E                some college      standard                    none          68             72             65
4    male        group D                 high school      standard                    none          64             54             50
[ 2025-03-19 17:19:57,062 ] 109 root - INFO - \U0001f6e0\ufe0f Input Feature Train DataFrame Columns: ['gender', 'race_ethnicity', 'parental_level_of_education', 'lunch', 'test_preparation_course', 'reading_score', 'writing_score']
[ 2025-03-19 17:19:57,126 ] 110 root - INFO - \U0001f6e0\ufe0f Input Feature Train DataFrame Head:
   gender race_ethnicity parental_level_of_education         lunch test_preparation_course  reading_score  writing_score
0    male        group A                some college      standard               completed             72             70
1  female        group D          associate's degree  free/reduced               completed             74             76
2  female        group D            some high school  free/reduced               completed             65             64
3    male        group A          associate's degree      standard                    none             53             47
4    male        group C          associate's degree  free/reduced               completed             73             68
[ 2025-03-19 17:19:57,128 ] 111 root - INFO - \U0001f6e0\ufe0f Input Feature Test DataFrame Columns: ['gender', 'race_ethnicity', 'parental_level_of_education', 'lunch', 'test_preparation_course', 'reading_score', 'writing_score']
[ 2025-03-19 17:19:57,135 ] 112 root - INFO - \U0001f6e0\ufe0f Input Feature Test DataFrame Head:
   gender race_ethnicity parental_level_of_education         lunch test_preparation_course  reading_score  writing_score
0  female        group B            some high school  free/reduced               completed             63             64
1  female        group C                 high school  free/reduced               completed             79             84
2  female        group C           bachelor's degree  free/reduced                    none             62             61
3    male        group E                some college      standard                    none             72             65
4    male        group D                 high school      standard                    none             54             50
[ 2025-03-19 17:19:57,150 ] 118 root - INFO - \U0001f6e0\ufe0f Preprocessor Object: ColumnTransformer(transformers=[('num_pipeline',
                                 Pipeline(steps=[('imputer', SimpleImputer()),
                                                 ('scaler', StandardScaler())]),
                                 ['reading_score', 'writing_score']),
                                ('cat_pipeline',
                                 Pipeline(steps=[('imputer',
                                                  SimpleImputer(strategy='most_frequent')),
                                                 ('one_hot_encoder',
                                                  OneHotEncoder(handle_unknown='ignore')),
                                                 ('scaler',
                                                  StandardScaler(with_mean=False))]),
                                 ['gender', 'race_ethnicity',
                                  'parental_level_of_education', 'lunch',
                                  'test_preparation_course'])])
[ 2025-03-19 17:19:57,150 ] 119 root - INFO - \U0001f6e0\ufe0f Numerical Columns: ['reading_score', 'writing_score']
[ 2025-03-19 17:19:57,150 ] 120 root - INFO - \U0001f6e0\ufe0f Categorical Columns: ['gender', 'race_ethnicity', 'parental_level_of_education', 'lunch', 'test_preparation_course']
[ 2025-03-19 17:19:57,176 ] 127 root - INFO - \U0001f6e0\ufe0f Transformed Train Data Shape: (800, 19)
[ 2025-03-19 17:19:57,176 ] 128 root - INFO - \U0001f6e0\ufe0f Transformed Test Data Shape: (200, 19)
[ 2025-03-19 17:19:57,180 ] 46 root - INFO - Entered the save_object method of MainUtils class
[ 2025-03-19 17:19:57,182 ] 50 root - INFO - Exited the save_object method of MainUtils class
[ 2025-03-19 17:19:57,182 ] 139 root - INFO - \u2705 Data Transformation completed successfully!
[ 2025-03-19 17:19:57,183 ] 35 root - INFO - data Transformation completed
[ 2025-03-19 17:19:57,183 ] 37 root - INFO - Model Training stared
[ 2025-03-19 17:20:44,921 ] 95 root - INFO - Best found model on both training and testing dataset
[ 2025-03-19 17:20:56,543 ] 46 root - INFO - Entered the save_object method of MainUtils class
[ 2025-03-19 17:20:56,546 ] 50 root - INFO - Exited the save_object method of MainUtils class
[ 2025-03-19 17:20:56,546 ] 118 root - INFO - Model trainer artifact: ModelTrainerArtifact(trained_model_file_path='Artifacts\\03_19_2025_17_19_48\\model_trainer\\trained_model\\model.pkl', train_metric_artifact=0.8820277401810561, test_metric_artifact=0.8512852971226832)
[ 2025-03-19 17:20:56,546 ] 42 root - INFO - Model Training artifact created
