[ 2025-03-19 16:53:12,364 ] 20 root - INFO - Initiate the data ingestion
[ 2025-03-19 16:53:14,513 ] 65 root - INFO - Performed train test split on the dataframe
[ 2025-03-19 16:53:14,513 ] 67 root - INFO - Exited split_data_as_train_test method of Data_Ingestion class
[ 2025-03-19 16:53:14,514 ] 75 root - INFO - Exporting train and test file path.
[ 2025-03-19 16:53:14,518 ] 84 root - INFO - Exported train and test file path.
[ 2025-03-19 16:53:14,519 ] 22 root - INFO - Data Initiation Completed
[ 2025-03-19 16:53:14,521 ] 26 root - INFO - Initiate the data Validation
[ 2025-03-19 16:53:14,551 ] 32 root - INFO - Required number of columns:2
[ 2025-03-19 16:53:14,552 ] 33 root - INFO - Data frame has columns:8
[ 2025-03-19 16:53:14,552 ] 32 root - INFO - Required number of columns:2
[ 2025-03-19 16:53:14,552 ] 33 root - INFO - Data frame has columns:8
[ 2025-03-19 16:53:14,579 ] 28 root - INFO - data Validation Completed
[ 2025-03-19 16:53:14,579 ] 31 root - INFO - data Transformation started
[ 2025-03-19 16:53:14,579 ] 67 root - INFO - \U0001f680 Starting Data Transformation...
[ 2025-03-19 16:53:14,579 ] 33 root - INFO - \U0001f4e5 Reading CSV file from: Artifacts\03_19_2025_16_53_09\data_ingestion\ingested\train.csv
[ 2025-03-19 16:53:14,579 ] 33 root - INFO - \U0001f4e5 Reading CSV file from: Artifacts\03_19_2025_16_53_09\data_ingestion\ingested\test.csv
[ 2025-03-19 16:53:14,579 ] 84 root - INFO - \U0001f4dd Train DataFrame Columns: ['gender', 'race_ethnicity', 'parental_level_of_education', 'lunch', 'test_preparation_course', 'math_score', 'reading_score', 'writing_score']
[ 2025-03-19 16:53:14,579 ] 85 root - INFO - \U0001f4dd Test DataFrame Columns: ['gender', 'race_ethnicity', 'parental_level_of_education', 'lunch', 'test_preparation_course', 'math_score', 'reading_score', 'writing_score']
[ 2025-03-19 16:53:14,595 ] 86 root - INFO - \U0001f4dd Train DataFrame Head:
   gender race_ethnicity parental_level_of_education         lunch test_preparation_course  math_score  reading_score  writing_score
0  female        group E             master's degree  free/reduced                    none          81             86             87
1    male        group D            some high school      standard                    none          73             66             62
2    male        group C                some college  free/reduced                    none          63             61             54
3    male        group E                some college  free/reduced                    none          93             90             83
4  female        group D             master's degree      standard                    none          78             91             96
[ 2025-03-19 16:53:14,600 ] 87 root - INFO - \U0001f4dd Test DataFrame Head:
   gender race_ethnicity parental_level_of_education         lunch test_preparation_course  math_score  reading_score  writing_score
0    male        group E          associate's degree  free/reduced               completed          78             74             72
1    male        group B          associate's degree      standard                    none          87             85             73
2  female        group D                some college      standard                    none          51             58             54
3  female        group E                 high school      standard               completed          74             79             80
4    male        group E                some college      standard               completed          85             75             68
[ 2025-03-19 16:53:14,601 ] 109 root - INFO - \U0001f6e0\ufe0f Input Feature Train DataFrame Columns: ['gender', 'race_ethnicity', 'parental_level_of_education', 'lunch', 'test_preparation_course', 'reading_score', 'writing_score']
[ 2025-03-19 16:53:14,609 ] 110 root - INFO - \U0001f6e0\ufe0f Input Feature Train DataFrame Head:
   gender race_ethnicity parental_level_of_education         lunch test_preparation_course  reading_score  writing_score
0  female        group E             master's degree  free/reduced                    none             86             87
1    male        group D            some high school      standard                    none             66             62
2    male        group C                some college  free/reduced                    none             61             54
3    male        group E                some college  free/reduced                    none             90             83
4  female        group D             master's degree      standard                    none             91             96
[ 2025-03-19 16:53:14,610 ] 111 root - INFO - \U0001f6e0\ufe0f Input Feature Test DataFrame Columns: ['gender', 'race_ethnicity', 'parental_level_of_education', 'lunch', 'test_preparation_course', 'reading_score', 'writing_score']
[ 2025-03-19 16:53:14,611 ] 112 root - INFO - \U0001f6e0\ufe0f Input Feature Test DataFrame Head:
   gender race_ethnicity parental_level_of_education         lunch test_preparation_course  reading_score  writing_score
0    male        group E          associate's degree  free/reduced               completed             74             72
1    male        group B          associate's degree      standard                    none             85             73
2  female        group D                some college      standard                    none             58             54
3  female        group E                 high school      standard               completed             79             80
4    male        group E                some college      standard               completed             75             68
[ 2025-03-19 16:53:14,624 ] 118 root - INFO - \U0001f6e0\ufe0f Preprocessor Object: ColumnTransformer(transformers=[('num_pipeline',
                                 Pipeline(steps=[('imputer', SimpleImputer()),
                                                 ('scaler', StandardScaler())]),
                                 ['reading_score', 'writing_score']),
                                ('cat_pipeline',
                                 Pipeline(steps=[('imputer',
                                                  SimpleImputer(strategy='most_frequent')),
                                                 ('one_hot_encoder',
                                                  OneHotEncoder(handle_unknown='ignore')),
                                                 ('scaler',
                                                  StandardScaler(with_mean=False))]),
                                 ['gender', 'race_ethnicity',
                                  'parental_level_of_education', 'lunch',
                                  'test_preparation_course'])])
[ 2025-03-19 16:53:14,624 ] 119 root - INFO - \U0001f6e0\ufe0f Numerical Columns: ['reading_score', 'writing_score']
[ 2025-03-19 16:53:14,624 ] 120 root - INFO - \U0001f6e0\ufe0f Categorical Columns: ['gender', 'race_ethnicity', 'parental_level_of_education', 'lunch', 'test_preparation_course']
[ 2025-03-19 16:53:14,639 ] 127 root - INFO - \U0001f6e0\ufe0f Transformed Train Data Shape: (800, 19)
[ 2025-03-19 16:53:14,640 ] 128 root - INFO - \U0001f6e0\ufe0f Transformed Test Data Shape: (200, 19)
[ 2025-03-19 16:53:14,641 ] 46 root - INFO - Entered the save_object method of MainUtils class
[ 2025-03-19 16:53:14,644 ] 50 root - INFO - Exited the save_object method of MainUtils class
[ 2025-03-19 16:53:14,644 ] 139 root - INFO - \u2705 Data Transformation completed successfully!
[ 2025-03-19 16:53:14,645 ] 35 root - INFO - data Transformation completed
[ 2025-03-19 16:53:14,645 ] 37 root - INFO - Model Training sstared
