[ 2025-03-19 16:00:40,680 ] 20 root - INFO - Initiate the data ingestion
[ 2025-03-19 16:00:42,982 ] 65 root - INFO - Performed train test split on the dataframe
[ 2025-03-19 16:00:42,982 ] 67 root - INFO - Exited split_data_as_train_test method of Data_Ingestion class
[ 2025-03-19 16:00:42,982 ] 75 root - INFO - Exporting train and test file path.
[ 2025-03-19 16:00:42,987 ] 84 root - INFO - Exported train and test file path.
[ 2025-03-19 16:00:42,987 ] 22 root - INFO - Data Initiation Completed
[ 2025-03-19 16:00:42,987 ] 26 root - INFO - Initiate the data Validation
[ 2025-03-19 16:00:43,012 ] 32 root - INFO - Required number of columns:2
[ 2025-03-19 16:00:43,013 ] 33 root - INFO - Data frame has columns:8
[ 2025-03-19 16:00:43,013 ] 32 root - INFO - Required number of columns:2
[ 2025-03-19 16:00:43,013 ] 33 root - INFO - Data frame has columns:8
[ 2025-03-19 16:00:43,015 ] 28 root - INFO - data Validation Completed
[ 2025-03-19 16:00:43,015 ] 31 root - INFO - data Transformation started
[ 2025-03-19 16:00:43,015 ] 66 root - INFO - \U0001f680 Starting Data Transformation...
[ 2025-03-19 16:00:43,015 ] 33 root - INFO - \U0001f4e5 Reading CSV file from: Artifacts\03_19_2025_16_00_39\data_ingestion\ingested\train.csv
[ 2025-03-19 16:00:43,031 ] 33 root - INFO - \U0001f4e5 Reading CSV file from: Artifacts\03_19_2025_16_00_39\data_ingestion\ingested\test.csv
[ 2025-03-19 16:00:43,032 ] 83 root - INFO - \U0001f4dd Train DataFrame Columns: ['gender', 'race_ethnicity', 'parental_level_of_education', 'lunch', 'test_preparation_course', 'math_score', 'reading_score', 'writing_score']
[ 2025-03-19 16:00:43,032 ] 84 root - INFO - \U0001f4dd Test DataFrame Columns: ['gender', 'race_ethnicity', 'parental_level_of_education', 'lunch', 'test_preparation_course', 'math_score', 'reading_score', 'writing_score']
[ 2025-03-19 16:00:43,038 ] 85 root - INFO - \U0001f4dd Train DataFrame Head:
   gender race_ethnicity parental_level_of_education         lunch test_preparation_course  math_score  reading_score  writing_score
0    male        group B            some high school      standard               completed          94             86             87
1    male        group D                 high school  free/reduced                    none          60             57             51
2  female        group D          associate's degree      standard                    none          74             81             83
3  female        group C           bachelor's degree      standard                    none          83             93             95
4  female        group D                some college  free/reduced               completed          59             78             76
[ 2025-03-19 16:00:43,043 ] 86 root - INFO - \U0001f4dd Test DataFrame Head:
   gender race_ethnicity parental_level_of_education         lunch test_preparation_course  math_score  reading_score  writing_score
0  female        group C                some college      standard               completed          70             72             76
1  female        group B                some college  free/reduced                    none          61             68             66
2    male        group E                 high school      standard               completed          87             91             81
3    male        group C                some college  free/reduced                    none          35             28             27
4    male        group C           bachelor's degree      standard               completed          71             74             68
[ 2025-03-19 16:00:43,043 ] 108 root - INFO - \U0001f6e0\ufe0f Input Feature Train DataFrame Columns: ['gender', 'race_ethnicity', 'parental_level_of_education', 'lunch', 'test_preparation_course', 'reading_score', 'writing_score']
[ 2025-03-19 16:00:43,049 ] 109 root - INFO - \U0001f6e0\ufe0f Input Feature Train DataFrame Head:
   gender race_ethnicity parental_level_of_education         lunch test_preparation_course  reading_score  writing_score
0    male        group B            some high school      standard               completed             86             87
1    male        group D                 high school  free/reduced                    none             57             51
2  female        group D          associate's degree      standard                    none             81             83
3  female        group C           bachelor's degree      standard                    none             93             95
4  female        group D                some college  free/reduced               completed             78             76
[ 2025-03-19 16:00:43,049 ] 110 root - INFO - \U0001f6e0\ufe0f Input Feature Test DataFrame Columns: ['gender', 'race_ethnicity', 'parental_level_of_education', 'lunch', 'test_preparation_course', 'reading_score', 'writing_score']
[ 2025-03-19 16:00:43,052 ] 111 root - INFO - \U0001f6e0\ufe0f Input Feature Test DataFrame Head:
   gender race_ethnicity parental_level_of_education         lunch test_preparation_course  reading_score  writing_score
0  female        group C                some college      standard               completed             72             76
1  female        group B                some college  free/reduced                    none             68             66
2    male        group E                 high school      standard               completed             91             81
3    male        group C                some college  free/reduced                    none             28             27
4    male        group C           bachelor's degree      standard               completed             74             68
[ 2025-03-19 16:00:43,061 ] 117 root - INFO - \U0001f6e0\ufe0f Preprocessor Object: ColumnTransformer(transformers=[('num_pipeline',
                                 Pipeline(steps=[('imputer', SimpleImputer()),
                                                 ('scaler', StandardScaler())]),
                                 ['math_score', 'reading_score',
                                  'writing_score']),
                                ('cat_pipeline',
                                 Pipeline(steps=[('imputer',
                                                  SimpleImputer(strategy='most_frequent')),
                                                 ('one_hot_encoder',
                                                  OneHotEncoder(handle_unknown='ignore')),
                                                 ('scaler',
                                                  StandardScaler(with_mean=False))]),
                                 ['gender', 'race_ethnicity',
                                  'parental_level_of_education', 'lunch',
                                  'test_preparation_course'])])
[ 2025-03-19 16:00:43,061 ] 118 root - INFO - \U0001f6e0\ufe0f Numerical Columns: ['math_score', 'reading_score', 'writing_score']
[ 2025-03-19 16:00:43,061 ] 119 root - INFO - \U0001f6e0\ufe0f Categorical Columns: ['gender', 'race_ethnicity', 'parental_level_of_education', 'lunch', 'test_preparation_course']
