[ 2025-03-19 15:36:51,575 ] 20 root - INFO - Initiate the data ingestion
[ 2025-03-19 15:36:54,130 ] 65 root - INFO - Performed train test split on the dataframe
[ 2025-03-19 15:36:54,130 ] 67 root - INFO - Exited split_data_as_train_test method of Data_Ingestion class
[ 2025-03-19 15:36:54,130 ] 75 root - INFO - Exporting train and test file path.
[ 2025-03-19 15:36:54,139 ] 84 root - INFO - Exported train and test file path.
[ 2025-03-19 15:36:54,139 ] 22 root - INFO - Data Initiation Completed
[ 2025-03-19 15:36:54,139 ] 26 root - INFO - Initiate the data Validation
[ 2025-03-19 15:36:54,164 ] 32 root - INFO - Required number of columns:2
[ 2025-03-19 15:36:54,164 ] 33 root - INFO - Data frame has columns:8
[ 2025-03-19 15:36:54,164 ] 32 root - INFO - Required number of columns:2
[ 2025-03-19 15:36:54,164 ] 33 root - INFO - Data frame has columns:8
[ 2025-03-19 15:36:54,178 ] 28 root - INFO - data Validation Completed
[ 2025-03-19 15:36:54,186 ] 31 root - INFO - data Transformation started
[ 2025-03-19 15:36:54,186 ] 66 root - INFO - \U0001f680 Starting Data Transformation...
[ 2025-03-19 15:36:54,186 ] 33 root - INFO - \U0001f4e5 Reading CSV file from: Artifacts\03_19_2025_15_36_50\data_ingestion\ingested\train.csv
[ 2025-03-19 15:36:54,188 ] 33 root - INFO - \U0001f4e5 Reading CSV file from: Artifacts\03_19_2025_15_36_50\data_ingestion\ingested\test.csv
[ 2025-03-19 15:36:54,188 ] 79 root - INFO - \U0001f4dd Train DataFrame Columns: ['gender', 'race_ethnicity', 'parental_level_of_education', 'lunch', 'test_preparation_course', 'math_score', 'reading_score', 'writing_score']
[ 2025-03-19 15:36:54,188 ] 80 root - INFO - \U0001f4dd Test DataFrame Columns: ['gender', 'race_ethnicity', 'parental_level_of_education', 'lunch', 'test_preparation_course', 'math_score', 'reading_score', 'writing_score']
[ 2025-03-19 15:36:54,196 ] 81 root - INFO - \U0001f4dd Train DataFrame Head:
   gender race_ethnicity parental_level_of_education     lunch test_preparation_course  math_score  reading_score  writing_score
0    male        group E            some high school  standard               completed          87             84             76
1  female        group B                 high school  standard               completed          77             82             89
2    male        group D            some high school  standard                    none          60             59             54
3    male        group D            some high school  standard               completed          77             68             69
4  female        group B          associate's degree  standard                    none          40             48             50
[ 2025-03-19 15:36:54,200 ] 82 root - INFO - \U0001f4dd Test DataFrame Head:
   gender race_ethnicity parental_level_of_education         lunch test_preparation_course  math_score  reading_score  writing_score
0  female        group E          associate's degree      standard                    none         100            100            100
1    male        group B            some high school      standard               completed          85             84             78
2    male        group C          associate's degree  free/reduced                    none          58             55             53
3    male        group A                 high school      standard               completed          72             73             74
4    male        group C                 high school      standard               completed          69             58             53
[ 2025-03-19 15:36:54,214 ] 107 root - INFO - \U0001f6e0\ufe0f Preprocessor Object: ColumnTransformer(transformers=[('num_pipeline',
                                 Pipeline(steps=[('imputer', SimpleImputer()),
                                                 ('scaler', StandardScaler())]),
                                 ['math_score', 'reading_score',
                                  'writing_score']),
                                ('cat_pipeline',
                                 Pipeline(steps=[('imputer',
                                                  SimpleImputer(strategy='most_frequent')),
                                                 ('one_hot_encoder',
                                                  OneHotEncoder(handle_unknown='ignore')),
                                                 ('scaler',
                                                  StandardScaler(with_mean=False))]),
                                 ['gender', 'race_ethnicity',
                                  'parental_level_of_education', 'lunch',
                                  'test_preparation_course'])])
[ 2025-03-19 15:36:54,214 ] 108 root - INFO - \U0001f6e0\ufe0f Numerical Columns: ['math_score', 'reading_score', 'writing_score']
[ 2025-03-19 15:36:54,214 ] 109 root - INFO - \U0001f6e0\ufe0f Categorical Columns: ['gender', 'race_ethnicity', 'parental_level_of_education', 'lunch', 'test_preparation_course']
