[ 2025-03-19 15:32:52,270 ] 20 root - INFO - Initiate the data ingestion
[ 2025-03-19 15:32:54,414 ] 65 root - INFO - Performed train test split on the dataframe
[ 2025-03-19 15:32:54,414 ] 67 root - INFO - Exited split_data_as_train_test method of Data_Ingestion class
[ 2025-03-19 15:32:54,415 ] 75 root - INFO - Exporting train and test file path.
[ 2025-03-19 15:32:54,418 ] 84 root - INFO - Exported train and test file path.
[ 2025-03-19 15:32:54,418 ] 22 root - INFO - Data Initiation Completed
[ 2025-03-19 15:32:54,418 ] 26 root - INFO - Initiate the data Validation
[ 2025-03-19 15:32:54,447 ] 32 root - INFO - Required number of columns:2
[ 2025-03-19 15:32:54,447 ] 33 root - INFO - Data frame has columns:8
[ 2025-03-19 15:32:54,447 ] 32 root - INFO - Required number of columns:2
[ 2025-03-19 15:32:54,447 ] 33 root - INFO - Data frame has columns:8
[ 2025-03-19 15:32:54,467 ] 28 root - INFO - data Validation Completed
[ 2025-03-19 15:32:54,467 ] 31 root - INFO - data Transformation started
[ 2025-03-19 15:32:54,467 ] 66 root - INFO - \U0001f680 Starting Data Transformation...
[ 2025-03-19 15:32:54,467 ] 33 root - INFO - \U0001f4e5 Reading CSV file from: Artifacts\03_19_2025_15_32_50\data_ingestion\ingested\train.csv
[ 2025-03-19 15:32:54,467 ] 33 root - INFO - \U0001f4e5 Reading CSV file from: Artifacts\03_19_2025_15_32_50\data_ingestion\ingested\test.csv
[ 2025-03-19 15:32:54,467 ] 79 root - INFO - \U0001f4dd Train DataFrame Columns: ['gender', 'race_ethnicity', 'parental_level_of_education', 'lunch', 'test_preparation_course', 'math_score', 'reading_score', 'writing_score']
[ 2025-03-19 15:32:54,467 ] 80 root - INFO - \U0001f4dd Test DataFrame Columns: ['gender', 'race_ethnicity', 'parental_level_of_education', 'lunch', 'test_preparation_course', 'math_score', 'reading_score', 'writing_score']
[ 2025-03-19 15:32:54,477 ] 81 root - INFO - \U0001f4dd Train DataFrame Head:
   gender race_ethnicity parental_level_of_education         lunch test_preparation_course  math_score  reading_score  writing_score
0    male        group D            some high school      standard                    none          75             74             69
1  female        group A                 high school      standard               completed          75             82             79
2  female        group E             master's degree      standard               completed          94             99            100
3  female        group A            some high school      standard               completed          92            100             97
4  female        group C                some college  free/reduced               completed          45             73             70
[ 2025-03-19 15:32:54,481 ] 82 root - INFO - \U0001f4dd Test DataFrame Head:
   gender race_ethnicity parental_level_of_education         lunch test_preparation_course  math_score  reading_score  writing_score
0    male        group E          associate's degree      standard               completed          97             82             88
1  female        group D           bachelor's degree      standard               completed          71             76             83
2  female        group D                some college  free/reduced               completed          67             86             83
3    male        group C                some college      standard                    none          58             49             42
4  female        group D          associate's degree      standard                    none          65             69             70
[ 2025-03-19 15:32:54,493 ] 107 root - INFO - \U0001f6e0\ufe0f Preprocessor Object: ColumnTransformer(transformers=[('num_pipeline',
                                 Pipeline(steps=[('imputer', SimpleImputer()),
                                                 ('scaler', StandardScaler())]),
                                 ['math_score', 'reading_score',
                                  'writing_score']),
                                ('cat_pipeline',
                                 Pipeline(steps=[('imputer',
                                                  SimpleImputer(strategy='most_frequent')),
                                                 ('one_hot_encoder',
                                                  OneHotEncoder(handle_unknown='ignore')),
                                                 ('scaler',
                                                  StandardScaler(with_mean=False))]),
                                 ['gender', 'race_ethnicity',
                                  'parental_level_of_education', 'lunch',
                                  'test_preparation_course'])])
