[ 2025-03-19 15:54:55,294 ] 20 root - INFO - Initiate the data ingestion
[ 2025-03-19 15:54:59,516 ] 65 root - INFO - Performed train test split on the dataframe
[ 2025-03-19 15:54:59,516 ] 67 root - INFO - Exited split_data_as_train_test method of Data_Ingestion class
[ 2025-03-19 15:54:59,516 ] 75 root - INFO - Exporting train and test file path.
[ 2025-03-19 15:54:59,521 ] 84 root - INFO - Exported train and test file path.
[ 2025-03-19 15:54:59,524 ] 22 root - INFO - Data Initiation Completed
[ 2025-03-19 15:54:59,524 ] 26 root - INFO - Initiate the data Validation
[ 2025-03-19 15:54:59,553 ] 32 root - INFO - Required number of columns:2
[ 2025-03-19 15:54:59,554 ] 33 root - INFO - Data frame has columns:8
[ 2025-03-19 15:54:59,554 ] 32 root - INFO - Required number of columns:2
[ 2025-03-19 15:54:59,554 ] 33 root - INFO - Data frame has columns:8
[ 2025-03-19 15:54:59,570 ] 28 root - INFO - data Validation Completed
[ 2025-03-19 15:54:59,570 ] 31 root - INFO - data Transformation started
[ 2025-03-19 15:54:59,570 ] 66 root - INFO - \U0001f680 Starting Data Transformation...
[ 2025-03-19 15:54:59,570 ] 79 root - INFO - \U0001f4dd Train DataFrame Columns: ['gender', 'race_ethnicity', 'parental_level_of_education', 'lunch', 'test_preparation_course', 'math_score', 'reading_score', 'writing_score']
[ 2025-03-19 15:54:59,570 ] 80 root - INFO - \U0001f4dd Test DataFrame Columns: ['gender', 'race_ethnicity', 'parental_level_of_education', 'lunch', 'test_preparation_course', 'math_score', 'reading_score', 'writing_score']
[ 2025-03-19 15:54:59,583 ] 81 root - INFO - \U0001f4dd Train DataFrame Head:
  gender race_ethnicity parental_level_of_education         lunch test_preparation_course  math_score  reading_score  writing_score
0   male        group D                some college      standard                    none          40             42             38
1   male        group D                 high school  free/reduced                    none          60             57             51
2   male        group B             master's degree  free/reduced                    none          49             53             52
3   male        group B                some college  free/reduced                    none          54             54             45
4   male        group C          associate's degree  free/reduced               completed          60             51             56
[ 2025-03-19 15:54:59,590 ] 82 root - INFO - \U0001f4dd Test DataFrame Head:
   gender race_ethnicity parental_level_of_education         lunch test_preparation_course  math_score  reading_score  writing_score
0    male        group C                some college      standard                    none          61             61             62
1    male        group C            some high school      standard                    none          62             64             55
2  female        group C          associate's degree  free/reduced                    none          57             78             67
3    male        group C          associate's degree      standard                    none          47             37             35
4  female        group B          associate's degree      standard               completed          59             70             66
[ 2025-03-19 15:54:59,595 ] 106 root - INFO - \U0001f6e0\ufe0f Preprocessor Object: ColumnTransformer(transformers=[('num_pipeline',
                                 Pipeline(steps=[('imputer', SimpleImputer()),
                                                 ('scaler', StandardScaler())]),
                                 ['math_score', 'reading_score',
                                  'writing_score']),
                                ('cat_pipeline',
                                 Pipeline(steps=[('imputer',
                                                  SimpleImputer(strategy='most_frequent')),
                                                 ('one_hot_encoder',
                                                  OneHotEncoder(handle_unknown='ignore')),
                                                 ('scaler',
                                                  StandardScaler(with_mean=False))]),
                                 ['gender', 'race_ethnicity',
                                  'parental_level_of_education', 'lunch',
                                  'test_preparation_course'])])
[ 2025-03-19 15:54:59,595 ] 107 root - INFO - \U0001f6e0\ufe0f Numerical Columns: ['math_score', 'reading_score', 'writing_score']
[ 2025-03-19 15:54:59,595 ] 108 root - INFO - \U0001f6e0\ufe0f Categorical Columns: ['gender', 'race_ethnicity', 'parental_level_of_education', 'lunch', 'test_preparation_course']
