[ 2025-03-19 16:04:35,810 ] 20 root - INFO - Initiate the data ingestion
[ 2025-03-19 16:04:38,676 ] 65 root - INFO - Performed train test split on the dataframe
[ 2025-03-19 16:04:38,676 ] 67 root - INFO - Exited split_data_as_train_test method of Data_Ingestion class
[ 2025-03-19 16:04:38,678 ] 75 root - INFO - Exporting train and test file path.
[ 2025-03-19 16:04:38,682 ] 84 root - INFO - Exported train and test file path.
[ 2025-03-19 16:04:38,682 ] 22 root - INFO - Data Initiation Completed
[ 2025-03-19 16:04:38,685 ] 26 root - INFO - Initiate the data Validation
[ 2025-03-19 16:04:38,707 ] 32 root - INFO - Required number of columns:2
[ 2025-03-19 16:04:38,707 ] 33 root - INFO - Data frame has columns:8
[ 2025-03-19 16:04:38,707 ] 32 root - INFO - Required number of columns:2
[ 2025-03-19 16:04:38,707 ] 33 root - INFO - Data frame has columns:8
[ 2025-03-19 16:04:38,717 ] 28 root - INFO - data Validation Completed
[ 2025-03-19 16:04:38,717 ] 31 root - INFO - data Transformation started
[ 2025-03-19 16:04:38,717 ] 67 root - INFO - \U0001f680 Starting Data Transformation...
[ 2025-03-19 16:04:38,717 ] 33 root - INFO - \U0001f4e5 Reading CSV file from: Artifacts\03_19_2025_16_04_34\data_ingestion\ingested\train.csv
[ 2025-03-19 16:04:38,726 ] 33 root - INFO - \U0001f4e5 Reading CSV file from: Artifacts\03_19_2025_16_04_34\data_ingestion\ingested\test.csv
[ 2025-03-19 16:04:38,727 ] 84 root - INFO - \U0001f4dd Train DataFrame Columns: ['gender', 'race_ethnicity', 'parental_level_of_education', 'lunch', 'test_preparation_course', 'math_score', 'reading_score', 'writing_score']
[ 2025-03-19 16:04:38,727 ] 85 root - INFO - \U0001f4dd Test DataFrame Columns: ['gender', 'race_ethnicity', 'parental_level_of_education', 'lunch', 'test_preparation_course', 'math_score', 'reading_score', 'writing_score']
[ 2025-03-19 16:04:38,733 ] 86 root - INFO - \U0001f4dd Train DataFrame Head:
   gender race_ethnicity parental_level_of_education         lunch test_preparation_course  math_score  reading_score  writing_score
0  female        group C                 high school      standard                    none          60             68             72
1    male        group B                some college      standard                    none          69             54             55
2  female        group C                some college      standard               completed          64             82             77
3  female        group C                some college  free/reduced                    none          22             39             33
4    male        group A            some high school      standard                    none          53             54             48
[ 2025-03-19 16:04:38,737 ] 87 root - INFO - \U0001f4dd Test DataFrame Head:
   gender race_ethnicity parental_level_of_education     lunch test_preparation_course  math_score  reading_score  writing_score
0    male        group B           bachelor's degree  standard                    none          59             54             51
1  female        group C            some high school  standard                    none          65             69             76
2    male        group E                 high school  standard               completed          87             91             81
3    male        group B          associate's degree  standard               completed          65             65             63
4  female        group C           bachelor's degree  standard                    none          83             93             95
[ 2025-03-19 16:04:38,738 ] 109 root - INFO - \U0001f6e0\ufe0f Input Feature Train DataFrame Columns: ['gender', 'race_ethnicity', 'parental_level_of_education', 'lunch', 'test_preparation_course', 'reading_score', 'writing_score']
[ 2025-03-19 16:04:38,743 ] 110 root - INFO - \U0001f6e0\ufe0f Input Feature Train DataFrame Head:
   gender race_ethnicity parental_level_of_education         lunch test_preparation_course  reading_score  writing_score
0  female        group C                 high school      standard                    none             68             72
1    male        group B                some college      standard                    none             54             55
2  female        group C                some college      standard               completed             82             77
3  female        group C                some college  free/reduced                    none             39             33
4    male        group A            some high school      standard                    none             54             48
[ 2025-03-19 16:04:38,743 ] 111 root - INFO - \U0001f6e0\ufe0f Input Feature Test DataFrame Columns: ['gender', 'race_ethnicity', 'parental_level_of_education', 'lunch', 'test_preparation_course', 'reading_score', 'writing_score']
[ 2025-03-19 16:04:38,747 ] 112 root - INFO - \U0001f6e0\ufe0f Input Feature Test DataFrame Head:
   gender race_ethnicity parental_level_of_education     lunch test_preparation_course  reading_score  writing_score
0    male        group B           bachelor's degree  standard                    none             54             51
1  female        group C            some high school  standard                    none             69             76
2    male        group E                 high school  standard               completed             91             81
3    male        group B          associate's degree  standard               completed             65             63
4  female        group C           bachelor's degree  standard                    none             93             95
[ 2025-03-19 16:04:38,755 ] 118 root - INFO - \U0001f6e0\ufe0f Preprocessor Object: ColumnTransformer(transformers=[('num_pipeline',
                                 Pipeline(steps=[('imputer', SimpleImputer()),
                                                 ('scaler', StandardScaler())]),
                                 ['reading_score', 'writing_score']),
                                ('cat_pipeline',
                                 Pipeline(steps=[('imputer',
                                                  SimpleImputer(strategy='most_frequent')),
                                                 ('one_hot_encoder',
                                                  OneHotEncoder(handle_unknown='ignore')),
                                                 ('scaler',
                                                  StandardScaler(with_mean=False))]),
                                 ['gender', 'race_ethnicity',
                                  'parental_level_of_education', 'lunch',
                                  'test_preparation_course'])])
[ 2025-03-19 16:04:38,755 ] 119 root - INFO - \U0001f6e0\ufe0f Numerical Columns: ['reading_score', 'writing_score']
[ 2025-03-19 16:04:38,755 ] 120 root - INFO - \U0001f6e0\ufe0f Categorical Columns: ['gender', 'race_ethnicity', 'parental_level_of_education', 'lunch', 'test_preparation_course']
[ 2025-03-19 16:04:38,778 ] 127 root - INFO - \U0001f6e0\ufe0f Transformed Train Data Shape: (800, 19)
[ 2025-03-19 16:04:38,778 ] 128 root - INFO - \U0001f6e0\ufe0f Transformed Test Data Shape: (200, 19)
[ 2025-03-19 16:04:38,782 ] 46 root - INFO - Entered the save_object method of MainUtils class
[ 2025-03-19 16:04:38,784 ] 50 root - INFO - Exited the save_object method of MainUtils class
[ 2025-03-19 16:04:38,784 ] 139 root - INFO - \u2705 Data Transformation completed successfully!
[ 2025-03-19 16:04:38,784 ] 35 root - INFO - data Transformation completed
