[ 2025-03-19 17:07:59,158 ] 20 root - INFO - Initiate the data ingestion
[ 2025-03-19 17:08:00,859 ] 65 root - INFO - Performed train test split on the dataframe
[ 2025-03-19 17:08:00,859 ] 67 root - INFO - Exited split_data_as_train_test method of Data_Ingestion class
[ 2025-03-19 17:08:00,859 ] 75 root - INFO - Exporting train and test file path.
[ 2025-03-19 17:08:00,861 ] 84 root - INFO - Exported train and test file path.
[ 2025-03-19 17:08:00,861 ] 22 root - INFO - Data Initiation Completed
[ 2025-03-19 17:08:00,861 ] 26 root - INFO - Initiate the data Validation
[ 2025-03-19 17:08:00,890 ] 32 root - INFO - Required number of columns:2
[ 2025-03-19 17:08:00,890 ] 33 root - INFO - Data frame has columns:8
[ 2025-03-19 17:08:00,890 ] 32 root - INFO - Required number of columns:2
[ 2025-03-19 17:08:00,891 ] 33 root - INFO - Data frame has columns:8
[ 2025-03-19 17:08:00,907 ] 28 root - INFO - data Validation Completed
[ 2025-03-19 17:08:00,907 ] 31 root - INFO - data Transformation started
[ 2025-03-19 17:08:00,907 ] 67 root - INFO - \U0001f680 Starting Data Transformation...
[ 2025-03-19 17:08:00,907 ] 33 root - INFO - \U0001f4e5 Reading CSV file from: Artifacts\03_19_2025_17_07_57\data_ingestion\ingested\train.csv
[ 2025-03-19 17:08:00,910 ] 33 root - INFO - \U0001f4e5 Reading CSV file from: Artifacts\03_19_2025_17_07_57\data_ingestion\ingested\test.csv
[ 2025-03-19 17:08:00,910 ] 84 root - INFO - \U0001f4dd Train DataFrame Columns: ['gender', 'race_ethnicity', 'parental_level_of_education', 'lunch', 'test_preparation_course', 'math_score', 'reading_score', 'writing_score']
[ 2025-03-19 17:08:00,910 ] 85 root - INFO - \U0001f4dd Test DataFrame Columns: ['gender', 'race_ethnicity', 'parental_level_of_education', 'lunch', 'test_preparation_course', 'math_score', 'reading_score', 'writing_score']
[ 2025-03-19 17:08:00,910 ] 86 root - INFO - \U0001f4dd Train DataFrame Head:
   gender race_ethnicity parental_level_of_education         lunch test_preparation_course  math_score  reading_score  writing_score
0  female        group B          associate's degree  free/reduced                    none          46             61             55
1  female        group B           bachelor's degree      standard               completed          65             81             81
2  female        group B           bachelor's degree      standard                    none          52             65             69
3  female        group C                 high school      standard                    none          61             72             70
4  female        group C           bachelor's degree      standard                    none          81             88             90
[ 2025-03-19 17:08:00,926 ] 87 root - INFO - \U0001f4dd Test DataFrame Head:
   gender race_ethnicity parental_level_of_education         lunch test_preparation_course  math_score  reading_score  writing_score
0  female        group D             master's degree      standard                    none          78             91             96
1  female        group D                some college  free/reduced               completed          63             80             80
2    male        group A                some college  free/reduced                    none          75             81             74
3  female        group B          associate's degree      standard               completed          90             90             91
4  female        group C            some high school  free/reduced                    none          48             58             52
[ 2025-03-19 17:08:00,928 ] 109 root - INFO - \U0001f6e0\ufe0f Input Feature Train DataFrame Columns: ['gender', 'race_ethnicity', 'parental_level_of_education', 'lunch', 'test_preparation_course', 'reading_score', 'writing_score']
[ 2025-03-19 17:08:00,934 ] 110 root - INFO - \U0001f6e0\ufe0f Input Feature Train DataFrame Head:
   gender race_ethnicity parental_level_of_education         lunch test_preparation_course  reading_score  writing_score
0  female        group B          associate's degree  free/reduced                    none             61             55
1  female        group B           bachelor's degree      standard               completed             81             81
2  female        group B           bachelor's degree      standard                    none             65             69
3  female        group C                 high school      standard                    none             72             70
4  female        group C           bachelor's degree      standard                    none             88             90
[ 2025-03-19 17:08:00,934 ] 111 root - INFO - \U0001f6e0\ufe0f Input Feature Test DataFrame Columns: ['gender', 'race_ethnicity', 'parental_level_of_education', 'lunch', 'test_preparation_course', 'reading_score', 'writing_score']
[ 2025-03-19 17:08:00,943 ] 112 root - INFO - \U0001f6e0\ufe0f Input Feature Test DataFrame Head:
   gender race_ethnicity parental_level_of_education         lunch test_preparation_course  reading_score  writing_score
0  female        group D             master's degree      standard                    none             91             96
1  female        group D                some college  free/reduced               completed             80             80
2    male        group A                some college  free/reduced                    none             81             74
3  female        group B          associate's degree      standard               completed             90             91
4  female        group C            some high school  free/reduced                    none             58             52
[ 2025-03-19 17:08:00,953 ] 118 root - INFO - \U0001f6e0\ufe0f Preprocessor Object: ColumnTransformer(transformers=[('num_pipeline',
                                 Pipeline(steps=[('imputer', SimpleImputer()),
                                                 ('scaler', StandardScaler())]),
                                 ['reading_score', 'writing_score']),
                                ('cat_pipeline',
                                 Pipeline(steps=[('imputer',
                                                  SimpleImputer(strategy='most_frequent')),
                                                 ('one_hot_encoder',
                                                  OneHotEncoder(handle_unknown='ignore')),
                                                 ('scaler',
                                                  StandardScaler(with_mean=False))]),
                                 ['gender', 'race_ethnicity',
                                  'parental_level_of_education', 'lunch',
                                  'test_preparation_course'])])
[ 2025-03-19 17:08:00,953 ] 119 root - INFO - \U0001f6e0\ufe0f Numerical Columns: ['reading_score', 'writing_score']
[ 2025-03-19 17:08:00,953 ] 120 root - INFO - \U0001f6e0\ufe0f Categorical Columns: ['gender', 'race_ethnicity', 'parental_level_of_education', 'lunch', 'test_preparation_course']
[ 2025-03-19 17:08:00,970 ] 127 root - INFO - \U0001f6e0\ufe0f Transformed Train Data Shape: (800, 19)
[ 2025-03-19 17:08:00,970 ] 128 root - INFO - \U0001f6e0\ufe0f Transformed Test Data Shape: (200, 19)
[ 2025-03-19 17:08:00,974 ] 46 root - INFO - Entered the save_object method of MainUtils class
[ 2025-03-19 17:08:00,977 ] 50 root - INFO - Exited the save_object method of MainUtils class
[ 2025-03-19 17:08:00,977 ] 139 root - INFO - \u2705 Data Transformation completed successfully!
[ 2025-03-19 17:08:00,977 ] 35 root - INFO - data Transformation completed
[ 2025-03-19 17:08:00,977 ] 37 root - INFO - Model Training stared
[ 2025-03-19 17:08:51,630 ] 95 root - INFO - Best found model on both training and testing dataset
[ 2025-03-19 17:08:51,649 ] 46 root - INFO - Entered the save_object method of MainUtils class
[ 2025-03-19 17:08:51,650 ] 50 root - INFO - Exited the save_object method of MainUtils class
[ 2025-03-19 17:08:51,651 ] 118 root - INFO - Model trainer artifact: ModelTrainerArtifact(trained_model_file_path='Artifacts\\03_19_2025_17_07_57\\model_trainer\\trained_model\\model.pkl', train_metric_artifact=0.8799714034113786, test_metric_artifact=0.8588407825736641)
[ 2025-03-19 17:08:51,654 ] 42 root - INFO - Model Training artifact created
