[ 2025-03-19 15:51:30,385 ] 20 root - INFO - Initiate the data ingestion
[ 2025-03-19 15:51:32,784 ] 65 root - INFO - Performed train test split on the dataframe
[ 2025-03-19 15:51:32,784 ] 67 root - INFO - Exited split_data_as_train_test method of Data_Ingestion class
[ 2025-03-19 15:51:32,784 ] 75 root - INFO - Exporting train and test file path.
[ 2025-03-19 15:51:32,788 ] 84 root - INFO - Exported train and test file path.
[ 2025-03-19 15:51:32,788 ] 22 root - INFO - Data Initiation Completed
[ 2025-03-19 15:51:32,790 ] 26 root - INFO - Initiate the data Validation
[ 2025-03-19 15:51:32,814 ] 32 root - INFO - Required number of columns:2
[ 2025-03-19 15:51:32,814 ] 33 root - INFO - Data frame has columns:8
[ 2025-03-19 15:51:32,814 ] 32 root - INFO - Required number of columns:2
[ 2025-03-19 15:51:32,814 ] 33 root - INFO - Data frame has columns:8
[ 2025-03-19 15:51:32,827 ] 28 root - INFO - data Validation Completed
[ 2025-03-19 15:51:32,827 ] 31 root - INFO - data Transformation started
[ 2025-03-19 15:51:32,827 ] 66 root - INFO - \U0001f680 Starting Data Transformation...
[ 2025-03-19 15:51:32,827 ] 33 root - INFO - \U0001f4e5 Reading CSV file from: Artifacts\03_19_2025_15_51_29\data_ingestion\ingested\train.csv
[ 2025-03-19 15:51:32,827 ] 33 root - INFO - \U0001f4e5 Reading CSV file from: Artifacts\03_19_2025_15_51_29\data_ingestion\ingested\test.csv
[ 2025-03-19 15:51:32,827 ] 79 root - INFO - \U0001f4dd Train DataFrame Columns: ['gender', 'race_ethnicity', 'parental_level_of_education', 'lunch', 'test_preparation_course', 'math_score', 'reading_score', 'writing_score']
[ 2025-03-19 15:51:32,827 ] 80 root - INFO - \U0001f4dd Test DataFrame Columns: ['gender', 'race_ethnicity', 'parental_level_of_education', 'lunch', 'test_preparation_course', 'math_score', 'reading_score', 'writing_score']
[ 2025-03-19 15:51:32,844 ] 81 root - INFO - \U0001f4dd Train DataFrame Head:
   gender race_ethnicity parental_level_of_education         lunch test_preparation_course  math_score  reading_score  writing_score
0  female        group C          associate's degree      standard                    none          66             77             73
1  female        group D                some college  free/reduced                    none          71             83             83
2    male        group D                 high school      standard                    none          45             48             46
3    male        group B          associate's degree  free/reduced                    none          61             58             56
4  female        group A            some high school  free/reduced                    none          44             45             45
[ 2025-03-19 15:51:32,847 ] 82 root - INFO - \U0001f4dd Test DataFrame Head:
   gender race_ethnicity parental_level_of_education         lunch test_preparation_course  math_score  reading_score  writing_score
0    male        group C           bachelor's degree  free/reduced                    none          37             56             47
1  female        group E          associate's degree      standard                    none          85             92             85
2    male        group B                some college  free/reduced                    none          54             54             45
3    male        group E          associate's degree      standard                    none          89             76             74
4    male        group D          associate's degree      standard                    none          40             52             43
[ 2025-03-19 15:51:32,857 ] 106 root - INFO - \U0001f6e0\ufe0f Preprocessor Object: ColumnTransformer(transformers=[('num_pipeline',
                                 Pipeline(steps=[('imputer', SimpleImputer()),
                                                 ('scaler', StandardScaler())]),
                                 ['math_score', 'reading_score',
                                  'writing_score']),
                                ('cat_pipeline',
                                 Pipeline(steps=[('imputer',
                                                  SimpleImputer(strategy='most_frequent')),
                                                 ('one_hot_encoder',
                                                  OneHotEncoder(handle_unknown='ignore')),
                                                 ('scaler',
                                                  StandardScaler(with_mean=False))]),
                                 ['gender', 'race_ethnicity',
                                  'parental_level_of_education', 'lunch',
                                  'test_preparation_course'])])
[ 2025-03-19 15:51:32,857 ] 107 root - INFO - \U0001f6e0\ufe0f Numerical Columns: ['math_score', 'reading_score', 'writing_score']
[ 2025-03-19 15:51:32,857 ] 108 root - INFO - \U0001f6e0\ufe0f Categorical Columns: ['gender', 'race_ethnicity', 'parental_level_of_education', 'lunch', 'test_preparation_course']
